c:\users\jacob\source\repos\grocertrackernew\x64\debug\vc143.pdb
c:\users\jacob\source\repos\grocertrackernew\x64\debug\vc143.idb
c:\users\jacob\source\repos\grocertrackernew\x64\debug\main.obj
c:\users\jacob\source\repos\grocertrackernew\x64\debug\grocertrackerapp.obj
c:\users\jacob\source\repos\grocertrackernew\x64\debug\bson-1.0.dll
c:\users\jacob\source\repos\grocertrackernew\x64\debug\mongoc-1.0.dll
c:\users\jacob\source\repos\grocertrackernew\x64\debug\utf8proc.dll
c:\users\jacob\source\repos\grocertrackernew\x64\debug\sqlite3.dll
c:\users\jacob\source\repos\grocertrackernew\x64\debug\grocertrackernew.exe
c:\users\jacob\source\repos\grocertrackernew\x64\debug\grocertrackernew.ilk
c:\users\jacob\source\repos\grocertrackernew\x64\debug\grocertrackernew.pdb
c:\users\jacob\source\repos\grocertrackernew\x64\debug\grocertrackerapp.obj.enc
c:\users\jacob\source\repos\grocertrackernew\x64\debug\main.obj.enc
c:\users\jacob\source\repos\grocertrackernew\x64\debug\grocertrackernew.tlog\cl.command.1.tlog
c:\users\jacob\source\repos\grocertrackernew\x64\debug\grocertrackernew.tlog\cl.items.tlog
c:\users\jacob\source\repos\grocertrackernew\x64\debug\grocertrackernew.tlog\cl.read.1.tlog
c:\users\jacob\source\repos\grocertrackernew\x64\debug\grocertrackernew.tlog\cl.write.1.tlog
c:\users\jacob\source\repos\grocertrackernew\x64\debug\grocertrackernew.tlog\grocertrackernew.write.1u.tlog
c:\users\jacob\source\repos\grocertrackernew\x64\debug\grocertrackernew.tlog\link.command.1.tlog
c:\users\jacob\source\repos\grocertrackernew\x64\debug\grocertrackernew.tlog\link.read.1.tlog
c:\users\jacob\source\repos\grocertrackernew\x64\debug\grocertrackernew.tlog\link.write.1.tlog
